<?xml version="1.0" encoding="UTF-8"?>
<!-- Generated by org.testng.reporters.JUnitReportReporter -->
<testsuite hostname="DESKTOP-9SPQKP1" failures="0" tests="2" name="test.Sauce" time="13.940" errors="0" timestamp="2025-05-13T23:17:49 IST" skipped="0">
  <testcase classname="test.Sauce" name="testPagination" time="9.299"/>
  <system-out/>
  <testcase classname="test.Sauce" name="TestRemote" time="4.641"/>
  <system-out/>
</testsuite> <!-- test.Sauce -->
