<?xml version="1.0" encoding="UTF-8"?>
<!-- Generated by org.testng.reporters.JUnitReportReporter -->
<testsuite hostname="DESKTOP-9SPQKP1" failures="0" tests="1" name="test.TestFile2" time="0.000" errors="0" timestamp="2025-05-12T23:06:55 IST" skipped="1">
  <testcase classname="test.TestFile2" name="method4" time="0.000">
    <skipped/>
  </testcase> <!-- method4 -->
  <system-out/>
</testsuite> <!-- test.TestFile2 -->
