<?xml version="1.0" encoding="UTF-8"?>
<!-- Generated by org.testng.reporters.JUnitReportReporter -->
<testsuite hostname="DESKTOP-9SPQKP1" failures="0" tests="2" name="test.Sauce" time="14.767" errors="0" timestamp="2025-05-13T22:39:56 IST" skipped="0">
  <testcase classname="test.Sauce" name="TestRemote" time="5.478"/>
  <system-out/>
  <testcase classname="test.Sauce" name="testPagination" time="9.289"/>
  <system-out/>
</testsuite> <!-- test.Sauce -->
