<?xml version="1.0" encoding="UTF-8"?>
<!-- Generated by org.testng.reporters.JUnitReportReporter -->
<testsuite hostname="DESKTOP-9SPQKP1" failures="0" tests="1" name="test.Practice" time="5.313" errors="0" timestamp="2025-05-12T23:37:37 IST" skipped="0">
  <testcase classname="test.Practice" name="testPagination" time="5.313"/>
  <system-out/>
</testsuite> <!-- test.Practice -->
