<?xml version="1.0" encoding="UTF-8"?>
<!-- Generated by org.testng.reporters.JUnitReportReporter -->
<testsuite hostname="DESKTOP-9SPQKP1" failures="0" tests="2" name="test.Sauce" time="14.255" errors="0" timestamp="2025-05-13T22:48:00 IST" skipped="0">
  <testcase classname="test.Sauce" name="TestRemote" time="5.163"/>
  <testcase classname="test.Sauce" name="testPagination" time="9.092"/>
</testsuite> <!-- test.Sauce -->
